{"level":"info","message":"Get all HelpTickets"}
{"level":"info","message":"Get all HelpTickets"}
{"level":"error","message":"File not found"}
{"level":"info","message":"Deleting HelpTicket %s"}
{"level":"info","message":"Get all HelpTickets"}
{"level":"info","message":"Get all HelpTickets"}
{"level":"info","message":"Get Help Ticket %s"}
{"level":"info","message":"Deleting HelpTicket %s"}
{"level":"info","message":"Get all HelpTickets"}
{"level":"info","message":"Deleting HelpTicket %s"}
{"level":"info","message":"Deleting HelpTicket %s"}
{"level":"info","message":"Get all HelpTickets"}
{"level":"info","message":"Deleting HelpTicket %s"}
{"level":"info","message":"Get all HelpTickets"}
{"level":"info","message":"Get HelpTicket Content"}
{"message":"Error: sort() only takes 1 Argument\n    at model.Query.Query.sort (C:\\Users\\Kate\\Documents\\School\\2018 Fall\\BUSADM810\\nodeApps\\server\\node_modules\\mongoose\\lib\\query.js:2342:11)\n    at router.get.asyncHandler (C:\\Users\\Kate\\Documents\\School\\2018 Fall\\BUSADM810\\nodeApps\\server\\app\\controllers\\helpTickets.js:63:15)\n    at asyncUtilWrap (C:\\Users\\Kate\\Documents\\School\\2018 Fall\\BUSADM810\\nodeApps\\server\\node_modules\\express-async-handler\\index.js:3:20)\n    at Layer.handle [as handle_request] (C:\\Users\\Kate\\Documents\\School\\2018 Fall\\BUSADM810\\nodeApps\\server\\node_modules\\express\\lib\\router\\layer.js:95:5)\n    at next (C:\\Users\\Kate\\Documents\\School\\2018 Fall\\BUSADM810\\nodeApps\\server\\node_modules\\express\\lib\\router\\route.js:137:13)\n    at Route.dispatch (C:\\Users\\Kate\\Documents\\School\\2018 Fall\\BUSADM810\\nodeApps\\server\\node_modules\\express\\lib\\router\\route.js:112:3)\n    at Layer.handle [as handle_request] (C:\\Users\\Kate\\Documents\\School\\2018 Fall\\BUSADM810\\nodeApps\\server\\node_modules\\express\\lib\\router\\layer.js:95:5)\n    at C:\\Users\\Kate\\Documents\\School\\2018 Fall\\BUSADM810\\nodeApps\\server\\node_modules\\express\\lib\\router\\index.js:281:22\n    at Function.process_params (C:\\Users\\Kate\\Documents\\School\\2018 Fall\\BUSADM810\\nodeApps\\server\\node_modules\\express\\lib\\router\\index.js:335:12)\n    at next (C:\\Users\\Kate\\Documents\\School\\2018 Fall\\BUSADM810\\nodeApps\\server\\node_modules\\express\\lib\\router\\index.js:275:10)\n    at Function.handle (C:\\Users\\Kate\\Documents\\School\\2018 Fall\\BUSADM810\\nodeApps\\server\\node_modules\\express\\lib\\router\\index.js:174:3)\n    at router (C:\\Users\\Kate\\Documents\\School\\2018 Fall\\BUSADM810\\nodeApps\\server\\node_modules\\express\\lib\\router\\index.js:47:12)\n    at Layer.handle [as handle_request] (C:\\Users\\Kate\\Documents\\School\\2018 Fall\\BUSADM810\\nodeApps\\server\\node_modules\\express\\lib\\router\\layer.js:95:5)\n    at trim_prefix (C:\\Users\\Kate\\Documents\\School\\2018 Fall\\BUSADM810\\nodeApps\\server\\node_modules\\express\\lib\\router\\index.js:317:13)\n    at C:\\Users\\Kate\\Documents\\School\\2018 Fall\\BUSADM810\\nodeApps\\server\\node_modules\\express\\lib\\router\\index.js:284:7\n    at Function.process_params (C:\\Users\\Kate\\Documents\\School\\2018 Fall\\BUSADM810\\nodeApps\\server\\node_modules\\express\\lib\\router\\index.js:335:12)\n    at next (C:\\Users\\Kate\\Documents\\School\\2018 Fall\\BUSADM810\\nodeApps\\server\\node_modules\\express\\lib\\router\\index.js:275:10)\n    at SendStream.error (C:\\Users\\Kate\\Documents\\School\\2018 Fall\\BUSADM810\\nodeApps\\server\\node_modules\\serve-static\\index.js:121:7)\n    at emitOne (events.js:116:13)\n    at SendStream.emit (events.js:211:7)\n    at SendStream.error (C:\\Users\\Kate\\Documents\\School\\2018 Fall\\BUSADM810\\nodeApps\\server\\node_modules\\send\\index.js:270:17)\n    at SendStream.onStatError (C:\\Users\\Kate\\Documents\\School\\2018 Fall\\BUSADM810\\nodeApps\\server\\node_modules\\send\\index.js:421:12)","level":"error"}
{"level":"info","message":"Loading Mongoose functionality"}
{"level":"info","message":"Starting application"}
{"level":"info","message":"HTTP Server listening on port: %d, in %s mode"}
{"level":"info","message":"Mongoose connected to the database"}
{"level":"info","message":"Get HelpTicket Content"}
{"level":"info","message":"Creating HelpTicket Content"}
{"level":"info","message":"Deleting HelpTicket %s"}
{"level":"info","message":"Get all HelpTickets"}
{"level":"info","message":"Deleting HelpTicket %s"}
