{"level":"info","message":"Get all HelpTickets"}
{"level":"info","message":"Creating HelpTicket"}
{"level":"info","message":"Get all HelpTickets"}
{"level":"info","message":"Get all users"}
{"level":"error","message":"File not found"}
{"level":"info","message":"Get all users"}
{"level":"error","message":"File not found"}
{"level":"info","message":"Get all users"}
{"level":"error","message":"File not found"}
{"level":"info","message":"Get all users"}
{"level":"info","message":"Get all users"}
{"level":"info","message":"Get all HelpTickets"}
{"level":"info","message":"Get a HelpTickets Content"}
{"level":"info","message":"Updating HelpTicket"}
{"level":"info","message":"Get all HelpTickets"}
{"level":"info","message":"Get a HelpTickets Content"}
{"level":"info","message":"Get all HelpTickets"}
{"level":"info","message":"Get a HelpTickets Content"}
{"level":"info","message":"Deleting HelpTicket %s"}
{"level":"info","message":"Get all HelpTickets"}
{"level":"info","message":"Get a HelpTickets Content"}
{"level":"info","message":"Get a HelpTickets Content"}
{"level":"info","message":"Deleting HelpTicket %s"}
{"level":"info","message":"Get all HelpTickets"}
{"level":"info","message":"Get a HelpTickets Content"}
