{"level":"info","message":"Starting application"}
{"level":"info","message":"HTTP Server listening on port: %d, in %s mode"}
{"level":"info","message":"Loading Mongoose functionality"}
{"level":"info","message":"Starting application"}
{"level":"info","message":"HTTP Server listening on port: %d, in %s mode"}
{"level":"info","message":"Loading Mongoose functionality"}
{"level":"info","message":"Starting application"}
{"level":"info","message":"HTTP Server listening on port: %d, in %s mode"}
{"level":"info","message":"Mongoose connected to the database"}
{"level":"info","message":"Loading Mongoose functionality"}
{"level":"info","message":"Starting application"}
{"level":"info","message":"HTTP Server listening on port: %d, in %s mode"}
{"level":"info","message":"Mongoose connected to the database"}
{"level":"info","message":"Loading Mongoose functionality"}
{"level":"info","message":"Starting application"}
{"level":"info","message":"HTTP Server listening on port: %d, in %s mode"}
{"level":"info","message":"Mongoose connected to the database"}
{"level":"info","message":"Loading Mongoose functionality"}
{"level":"info","message":"Starting application"}
{"level":"info","message":"HTTP Server listening on port: %d, in %s mode"}
{"level":"info","message":"Mongoose connected to the database"}
{"level":"error","message":"File not found"}
{"level":"error","message":"File not found"}
{"message":"SyntaxError: Unexpected token } in JSON at position 52\n    at JSON.parse (<anonymous>)\n    at parse (C:\\Users\\Kate\\Documents\\School\\2018 Fall\\BUSADM810\\nodeApps\\midterm\\server\\node_modules\\body-parser\\lib\\types\\json.js:89:19)\n    at C:\\Users\\Kate\\Documents\\School\\2018 Fall\\BUSADM810\\nodeApps\\midterm\\server\\node_modules\\body-parser\\lib\\read.js:121:18\n    at invokeCallback (C:\\Users\\Kate\\Documents\\School\\2018 Fall\\BUSADM810\\nodeApps\\midterm\\server\\node_modules\\raw-body\\index.js:224:16)\n    at done (C:\\Users\\Kate\\Documents\\School\\2018 Fall\\BUSADM810\\nodeApps\\midterm\\server\\node_modules\\raw-body\\index.js:213:7)\n    at IncomingMessage.onEnd (C:\\Users\\Kate\\Documents\\School\\2018 Fall\\BUSADM810\\nodeApps\\midterm\\server\\node_modules\\raw-body\\index.js:273:7)\n    at emitNone (events.js:106:13)\n    at IncomingMessage.emit (events.js:208:7)\n    at endReadableNT (_stream_readable.js:1064:12)\n    at _combinedTickCallback (internal/process/next_tick.js:138:11)\n    at process._tickCallback (internal/process/next_tick.js:180:9)","level":"error"}
{"message":"SyntaxError: Unexpected token } in JSON at position 52\n    at JSON.parse (<anonymous>)\n    at parse (C:\\Users\\Kate\\Documents\\School\\2018 Fall\\BUSADM810\\nodeApps\\midterm\\server\\node_modules\\body-parser\\lib\\types\\json.js:89:19)\n    at C:\\Users\\Kate\\Documents\\School\\2018 Fall\\BUSADM810\\nodeApps\\midterm\\server\\node_modules\\body-parser\\lib\\read.js:121:18\n    at invokeCallback (C:\\Users\\Kate\\Documents\\School\\2018 Fall\\BUSADM810\\nodeApps\\midterm\\server\\node_modules\\raw-body\\index.js:224:16)\n    at done (C:\\Users\\Kate\\Documents\\School\\2018 Fall\\BUSADM810\\nodeApps\\midterm\\server\\node_modules\\raw-body\\index.js:213:7)\n    at IncomingMessage.onEnd (C:\\Users\\Kate\\Documents\\School\\2018 Fall\\BUSADM810\\nodeApps\\midterm\\server\\node_modules\\raw-body\\index.js:273:7)\n    at emitNone (events.js:106:13)\n    at IncomingMessage.emit (events.js:208:7)\n    at endReadableNT (_stream_readable.js:1064:12)\n    at _combinedTickCallback (internal/process/next_tick.js:138:11)\n    at process._tickCallback (internal/process/next_tick.js:180:9)","level":"error"}
{"message":"SyntaxError: Unexpected token } in JSON at position 50\n    at JSON.parse (<anonymous>)\n    at parse (C:\\Users\\Kate\\Documents\\School\\2018 Fall\\BUSADM810\\nodeApps\\midterm\\server\\node_modules\\body-parser\\lib\\types\\json.js:89:19)\n    at C:\\Users\\Kate\\Documents\\School\\2018 Fall\\BUSADM810\\nodeApps\\midterm\\server\\node_modules\\body-parser\\lib\\read.js:121:18\n    at invokeCallback (C:\\Users\\Kate\\Documents\\School\\2018 Fall\\BUSADM810\\nodeApps\\midterm\\server\\node_modules\\raw-body\\index.js:224:16)\n    at done (C:\\Users\\Kate\\Documents\\School\\2018 Fall\\BUSADM810\\nodeApps\\midterm\\server\\node_modules\\raw-body\\index.js:213:7)\n    at IncomingMessage.onEnd (C:\\Users\\Kate\\Documents\\School\\2018 Fall\\BUSADM810\\nodeApps\\midterm\\server\\node_modules\\raw-body\\index.js:273:7)\n    at emitNone (events.js:106:13)\n    at IncomingMessage.emit (events.js:208:7)\n    at endReadableNT (_stream_readable.js:1064:12)\n    at _combinedTickCallback (internal/process/next_tick.js:138:11)\n    at process._tickCallback (internal/process/next_tick.js:180:9)","level":"error"}
{"message":"SyntaxError: Unexpected token } in JSON at position 50\n    at JSON.parse (<anonymous>)\n    at parse (C:\\Users\\Kate\\Documents\\School\\2018 Fall\\BUSADM810\\nodeApps\\midterm\\server\\node_modules\\body-parser\\lib\\types\\json.js:89:19)\n    at C:\\Users\\Kate\\Documents\\School\\2018 Fall\\BUSADM810\\nodeApps\\midterm\\server\\node_modules\\body-parser\\lib\\read.js:121:18\n    at invokeCallback (C:\\Users\\Kate\\Documents\\School\\2018 Fall\\BUSADM810\\nodeApps\\midterm\\server\\node_modules\\raw-body\\index.js:224:16)\n    at done (C:\\Users\\Kate\\Documents\\School\\2018 Fall\\BUSADM810\\nodeApps\\midterm\\server\\node_modules\\raw-body\\index.js:213:7)\n    at IncomingMessage.onEnd (C:\\Users\\Kate\\Documents\\School\\2018 Fall\\BUSADM810\\nodeApps\\midterm\\server\\node_modules\\raw-body\\index.js:273:7)\n    at emitNone (events.js:106:13)\n    at IncomingMessage.emit (events.js:208:7)\n    at endReadableNT (_stream_readable.js:1064:12)\n    at _combinedTickCallback (internal/process/next_tick.js:138:11)\n    at process._tickCallback (internal/process/next_tick.js:180:9)","level":"error"}
{"message":"SyntaxError: Unexpected token } in JSON at position 52\n    at JSON.parse (<anonymous>)\n    at parse (C:\\Users\\Kate\\Documents\\School\\2018 Fall\\BUSADM810\\nodeApps\\midterm\\server\\node_modules\\body-parser\\lib\\types\\json.js:89:19)\n    at C:\\Users\\Kate\\Documents\\School\\2018 Fall\\BUSADM810\\nodeApps\\midterm\\server\\node_modules\\body-parser\\lib\\read.js:121:18\n    at invokeCallback (C:\\Users\\Kate\\Documents\\School\\2018 Fall\\BUSADM810\\nodeApps\\midterm\\server\\node_modules\\raw-body\\index.js:224:16)\n    at done (C:\\Users\\Kate\\Documents\\School\\2018 Fall\\BUSADM810\\nodeApps\\midterm\\server\\node_modules\\raw-body\\index.js:213:7)\n    at IncomingMessage.onEnd (C:\\Users\\Kate\\Documents\\School\\2018 Fall\\BUSADM810\\nodeApps\\midterm\\server\\node_modules\\raw-body\\index.js:273:7)\n    at emitNone (events.js:106:13)\n    at IncomingMessage.emit (events.js:208:7)\n    at endReadableNT (_stream_readable.js:1064:12)\n    at _combinedTickCallback (internal/process/next_tick.js:138:11)\n    at process._tickCallback (internal/process/next_tick.js:180:9)","level":"error"}
{"level":"error","message":"File not found"}
{"level":"info","message":"Loading Mongoose functionality"}
{"level":"info","message":"Starting application"}
{"level":"info","message":"HTTP Server listening on port: %d, in %s mode"}
{"level":"info","message":"Mongoose connected to the database"}
{"level":"error","message":"File not found"}
{"level":"info","message":"Loading Mongoose functionality"}
{"level":"info","message":"Starting application"}
{"level":"info","message":"HTTP Server listening on port: %d, in %s mode"}
{"level":"info","message":"Mongoose connected to the database"}
{"level":"error","message":"File not found"}
{"level":"error","message":"File not found"}
{"level":"error","message":"File not found"}
{"level":"info","message":"Loading Mongoose functionality"}
{"level":"info","message":"Starting application"}
{"level":"info","message":"HTTP Server listening on port: %d, in %s mode"}
{"level":"info","message":"Mongoose connected to the database"}
{"level":"error","message":"File not found"}
{"level":"info","message":"Loading Mongoose functionality"}
{"level":"info","message":"Starting application"}
{"level":"info","message":"HTTP Server listening on port: %d, in %s mode"}
{"level":"info","message":"Mongoose connected to the database"}
{"level":"error","message":"File not found"}
{"level":"info","message":"Loading Mongoose functionality"}
{"level":"info","message":"Starting application"}
{"level":"info","message":"HTTP Server listening on port: %d, in %s mode"}
{"level":"info","message":"Mongoose connected to the database"}
{"level":"error","message":"File not found"}
{"level":"info","message":"Loading Mongoose functionality"}
{"level":"info","message":"Starting application"}
{"level":"info","message":"HTTP Server listening on port: %d, in %s mode"}
{"level":"info","message":"Mongoose connected to the database"}
{"level":"info","message":"Loading Mongoose functionality"}
{"level":"info","message":"Starting application"}
{"level":"info","message":"HTTP Server listening on port: %d, in %s mode"}
{"level":"info","message":"Mongoose connected to the database"}
{"level":"error","message":"File not found"}
