{"level":"info","message":"Get all users"}
{"level":"error","message":"File not found"}
{"level":"error","message":"File not found"}
{"level":"error","message":"File not found"}
{"level":"info","message":"Get all users"}
{"level":"info","message":"Get all users"}
{"level":"info","message":"Get user %s"}
{"level":"info","message":"Get all users"}
{"level":"info","message":"Starting application"}
{"level":"info","message":"HTTP Server listening on port: %d, in %s mode"}
{"level":"info","message":"Get user %s"}
{"level":"info","message":"Get all users"}
{"level":"info","message":"Get all users"}
{"level":"info","message":"Get user %s"}
{"level":"info","message":"Get user %s"}
{"level":"error","message":"File not found"}
{"level":"info","message":"Get user %s"}
{"level":"error","message":"File not found"}
{"level":"info","message":"Get user %s"}
{"level":"info","message":"Starting application"}
{"level":"info","message":"HTTP Server listening on port: %d, in %s mode"}
{"level":"info","message":"Starting application"}
{"level":"info","message":"HTTP Server listening on port: %d, in %s mode"}
{"level":"info","message":"Starting application"}
{"level":"info","message":"HTTP Server listening on port: %d, in %s mode"}
{"level":"info","message":"Get user %s"}
{"level":"error","message":"File not found"}
{"message":"Error: Can't set headers after they are sent.\n    at validateHeader (_http_outgoing.js:491:11)\n    at ServerResponse.setHeader (_http_outgoing.js:498:3)\n    at ServerResponse.header (C:\\Users\\Kate\\Documents\\School\\2018 Fall\\BUSADM810\\nodeApps\\server\\node_modules\\express\\lib\\response.js:767:10)\n    at ServerResponse.contentType (C:\\Users\\Kate\\Documents\\School\\2018 Fall\\BUSADM810\\nodeApps\\server\\node_modules\\express\\lib\\response.js:595:15)\n    at C:\\Users\\Kate\\Documents\\School\\2018 Fall\\BUSADM810\\nodeApps\\server\\config\\express.js:54:9\n    at Layer.handle [as handle_request] (C:\\Users\\Kate\\Documents\\School\\2018 Fall\\BUSADM810\\nodeApps\\server\\node_modules\\express\\lib\\router\\layer.js:95:5)\n    at trim_prefix (C:\\Users\\Kate\\Documents\\School\\2018 Fall\\BUSADM810\\nodeApps\\server\\node_modules\\express\\lib\\router\\index.js:317:13)\n    at C:\\Users\\Kate\\Documents\\School\\2018 Fall\\BUSADM810\\nodeApps\\server\\node_modules\\express\\lib\\router\\index.js:284:7\n    at Function.process_params (C:\\Users\\Kate\\Documents\\School\\2018 Fall\\BUSADM810\\nodeApps\\server\\node_modules\\express\\lib\\router\\index.js:335:12)\n    at next (C:\\Users\\Kate\\Documents\\School\\2018 Fall\\BUSADM810\\nodeApps\\server\\node_modules\\express\\lib\\router\\index.js:275:10)","level":"error"}
{"level":"info","message":"Get all users"}
{"level":"error","message":"File not found"}
{"message":"Error: Can't set headers after they are sent.\n    at validateHeader (_http_outgoing.js:491:11)\n    at ServerResponse.setHeader (_http_outgoing.js:498:3)\n    at ServerResponse.header (C:\\Users\\Kate\\Documents\\School\\2018 Fall\\BUSADM810\\nodeApps\\server\\node_modules\\express\\lib\\response.js:767:10)\n    at ServerResponse.contentType (C:\\Users\\Kate\\Documents\\School\\2018 Fall\\BUSADM810\\nodeApps\\server\\node_modules\\express\\lib\\response.js:595:15)\n    at C:\\Users\\Kate\\Documents\\School\\2018 Fall\\BUSADM810\\nodeApps\\server\\config\\express.js:54:9\n    at Layer.handle [as handle_request] (C:\\Users\\Kate\\Documents\\School\\2018 Fall\\BUSADM810\\nodeApps\\server\\node_modules\\express\\lib\\router\\layer.js:95:5)\n    at trim_prefix (C:\\Users\\Kate\\Documents\\School\\2018 Fall\\BUSADM810\\nodeApps\\server\\node_modules\\express\\lib\\router\\index.js:317:13)\n    at C:\\Users\\Kate\\Documents\\School\\2018 Fall\\BUSADM810\\nodeApps\\server\\node_modules\\express\\lib\\router\\index.js:284:7\n    at Function.process_params (C:\\Users\\Kate\\Documents\\School\\2018 Fall\\BUSADM810\\nodeApps\\server\\node_modules\\express\\lib\\router\\index.js:335:12)\n    at next (C:\\Users\\Kate\\Documents\\School\\2018 Fall\\BUSADM810\\nodeApps\\server\\node_modules\\express\\lib\\router\\index.js:275:10)","level":"error"}
{"level":"info","message":"Get user %s"}
{"level":"error","message":"File not found"}
{"message":"Error: Can't set headers after they are sent.\n    at validateHeader (_http_outgoing.js:491:11)\n    at ServerResponse.setHeader (_http_outgoing.js:498:3)\n    at ServerResponse.header (C:\\Users\\Kate\\Documents\\School\\2018 Fall\\BUSADM810\\nodeApps\\server\\node_modules\\express\\lib\\response.js:767:10)\n    at ServerResponse.contentType (C:\\Users\\Kate\\Documents\\School\\2018 Fall\\BUSADM810\\nodeApps\\server\\node_modules\\express\\lib\\response.js:595:15)\n    at C:\\Users\\Kate\\Documents\\School\\2018 Fall\\BUSADM810\\nodeApps\\server\\config\\express.js:54:9\n    at Layer.handle [as handle_request] (C:\\Users\\Kate\\Documents\\School\\2018 Fall\\BUSADM810\\nodeApps\\server\\node_modules\\express\\lib\\router\\layer.js:95:5)\n    at trim_prefix (C:\\Users\\Kate\\Documents\\School\\2018 Fall\\BUSADM810\\nodeApps\\server\\node_modules\\express\\lib\\router\\index.js:317:13)\n    at C:\\Users\\Kate\\Documents\\School\\2018 Fall\\BUSADM810\\nodeApps\\server\\node_modules\\express\\lib\\router\\index.js:284:7\n    at Function.process_params (C:\\Users\\Kate\\Documents\\School\\2018 Fall\\BUSADM810\\nodeApps\\server\\node_modules\\express\\lib\\router\\index.js:335:12)\n    at next (C:\\Users\\Kate\\Documents\\School\\2018 Fall\\BUSADM810\\nodeApps\\server\\node_modules\\express\\lib\\router\\index.js:275:10)","level":"error"}
{"level":"info","message":"Get user %s"}
{"level":"error","message":"File not found"}
{"message":"Error: Can't set headers after they are sent.\n    at validateHeader (_http_outgoing.js:491:11)\n    at ServerResponse.setHeader (_http_outgoing.js:498:3)\n    at ServerResponse.header (C:\\Users\\Kate\\Documents\\School\\2018 Fall\\BUSADM810\\nodeApps\\server\\node_modules\\express\\lib\\response.js:767:10)\n    at ServerResponse.contentType (C:\\Users\\Kate\\Documents\\School\\2018 Fall\\BUSADM810\\nodeApps\\server\\node_modules\\express\\lib\\response.js:595:15)\n    at C:\\Users\\Kate\\Documents\\School\\2018 Fall\\BUSADM810\\nodeApps\\server\\config\\express.js:54:9\n    at Layer.handle [as handle_request] (C:\\Users\\Kate\\Documents\\School\\2018 Fall\\BUSADM810\\nodeApps\\server\\node_modules\\express\\lib\\router\\layer.js:95:5)\n    at trim_prefix (C:\\Users\\Kate\\Documents\\School\\2018 Fall\\BUSADM810\\nodeApps\\server\\node_modules\\express\\lib\\router\\index.js:317:13)\n    at C:\\Users\\Kate\\Documents\\School\\2018 Fall\\BUSADM810\\nodeApps\\server\\node_modules\\express\\lib\\router\\index.js:284:7\n    at Function.process_params (C:\\Users\\Kate\\Documents\\School\\2018 Fall\\BUSADM810\\nodeApps\\server\\node_modules\\express\\lib\\router\\index.js:335:12)\n    at next (C:\\Users\\Kate\\Documents\\School\\2018 Fall\\BUSADM810\\nodeApps\\server\\node_modules\\express\\lib\\router\\index.js:275:10)","level":"error"}
{"level":"info","message":"Starting application"}
{"level":"info","message":"HTTP Server listening on port: %d, in %s mode"}
