{"level":"info","message":"Starting application"}
{"level":"info","message":"HTTP Server listening on port: %d, in %s mode"}
{"level":"error","message":"File not found"}
{"level":"error","message":"File not found"}
{"level":"info","message":"Get all users"}
{"level":"info","message":"Get user %s"}
{"level":"info","message":"Get user %s"}
{"level":"info","message":"Get user %s"}
{"level":"info","message":"Get user %s"}
{"level":"error","message":"File not found"}
{"level":"error","message":"File not found"}
{"level":"error","message":"File not found"}
{"level":"info","message":"Starting application"}
{"level":"info","message":"HTTP Server listening on port: %d, in %s mode"}
{"level":"info","message":"Get user %s"}
{"message":"ReferenceError: users is not defined\n    at C:\\Users\\Kate\\Documents\\School\\2018 Fall\\BUSADM810\\nodeApps\\server\\app\\controllers\\users.js:21:23\n    at Layer.handle [as handle_request] (C:\\Users\\Kate\\Documents\\School\\2018 Fall\\BUSADM810\\nodeApps\\server\\node_modules\\express\\lib\\router\\layer.js:95:5)\n    at next (C:\\Users\\Kate\\Documents\\School\\2018 Fall\\BUSADM810\\nodeApps\\server\\node_modules\\express\\lib\\router\\route.js:137:13)\n    at Route.dispatch (C:\\Users\\Kate\\Documents\\School\\2018 Fall\\BUSADM810\\nodeApps\\server\\node_modules\\express\\lib\\router\\route.js:112:3)\n    at Layer.handle [as handle_request] (C:\\Users\\Kate\\Documents\\School\\2018 Fall\\BUSADM810\\nodeApps\\server\\node_modules\\express\\lib\\router\\layer.js:95:5)\n    at C:\\Users\\Kate\\Documents\\School\\2018 Fall\\BUSADM810\\nodeApps\\server\\node_modules\\express\\lib\\router\\index.js:281:22\n    at Function.process_params (C:\\Users\\Kate\\Documents\\School\\2018 Fall\\BUSADM810\\nodeApps\\server\\node_modules\\express\\lib\\router\\index.js:335:12)\n    at next (C:\\Users\\Kate\\Documents\\School\\2018 Fall\\BUSADM810\\nodeApps\\server\\node_modules\\express\\lib\\router\\index.js:275:10)\n    at Function.handle (C:\\Users\\Kate\\Documents\\School\\2018 Fall\\BUSADM810\\nodeApps\\server\\node_modules\\express\\lib\\router\\index.js:174:3)\n    at router (C:\\Users\\Kate\\Documents\\School\\2018 Fall\\BUSADM810\\nodeApps\\server\\node_modules\\express\\lib\\router\\index.js:47:12)","level":"error"}
{"level":"info","message":"Update a user"}
{"level":"info","message":"Starting application"}
{"level":"info","message":"HTTP Server listening on port: %d, in %s mode"}
{"message":"ReferenceError: users is not defined\n    at C:\\Users\\Kate\\Documents\\School\\2018 Fall\\BUSADM810\\nodeApps\\server\\app\\controllers\\users.js:21:23\n    at Layer.handle [as handle_request] (C:\\Users\\Kate\\Documents\\School\\2018 Fall\\BUSADM810\\nodeApps\\server\\node_modules\\express\\lib\\router\\layer.js:95:5)\n    at next (C:\\Users\\Kate\\Documents\\School\\2018 Fall\\BUSADM810\\nodeApps\\server\\node_modules\\express\\lib\\router\\route.js:137:13)\n    at Route.dispatch (C:\\Users\\Kate\\Documents\\School\\2018 Fall\\BUSADM810\\nodeApps\\server\\node_modules\\express\\lib\\router\\route.js:112:3)\n    at Layer.handle [as handle_request] (C:\\Users\\Kate\\Documents\\School\\2018 Fall\\BUSADM810\\nodeApps\\server\\node_modules\\express\\lib\\router\\layer.js:95:5)\n    at C:\\Users\\Kate\\Documents\\School\\2018 Fall\\BUSADM810\\nodeApps\\server\\node_modules\\express\\lib\\router\\index.js:281:22\n    at Function.process_params (C:\\Users\\Kate\\Documents\\School\\2018 Fall\\BUSADM810\\nodeApps\\server\\node_modules\\express\\lib\\router\\index.js:335:12)\n    at next (C:\\Users\\Kate\\Documents\\School\\2018 Fall\\BUSADM810\\nodeApps\\server\\node_modules\\express\\lib\\router\\index.js:275:10)\n    at Function.handle (C:\\Users\\Kate\\Documents\\School\\2018 Fall\\BUSADM810\\nodeApps\\server\\node_modules\\express\\lib\\router\\index.js:174:3)\n    at router (C:\\Users\\Kate\\Documents\\School\\2018 Fall\\BUSADM810\\nodeApps\\server\\node_modules\\express\\lib\\router\\index.js:47:12)","level":"error"}
{"level":"error","message":"File not found"}
{"level":"info","message":"Starting application"}
{"level":"info","message":"HTTP Server listening on port: %d, in %s mode"}
{"level":"info","message":"Create a user"}
{"level":"error","message":"File not found"}
{"level":"info","message":"Starting application"}
{"level":"info","message":"HTTP Server listening on port: %d, in %s mode"}
{"level":"info","message":"Delete user %s"}
{"level":"info","message":"Starting application"}
{"level":"info","message":"HTTP Server listening on port: %d, in %s mode"}
